Determining if the pthread_create exist failed with the following output:
Change Dir: /home/jay/my_ws/build_isolated/si_utils/CMakeFiles/CMakeTmp

Run Build Command:"/usr/bin/make" "cmTC_574fe/fast"
/usr/bin/make -f CMakeFiles/cmTC_574fe.dir/build.make CMakeFiles/cmTC_574fe.dir/build
make[1]: Entering directory '/home/jay/my_ws/build_isolated/si_utils/CMakeFiles/CMakeTmp'
Building C object CMakeFiles/cmTC_574fe.dir/CheckSymbolExists.c.o
/usr/bin/cc     -o CMakeFiles/cmTC_574fe.dir/CheckSymbolExists.c.o   -c /home/jay/my_ws/build_isolated/si_utils/CMakeFiles/CMakeTmp/CheckSymbolExists.c
Linking C executable cmTC_574fe
/usr/bin/cmake -E cmake_link_script CMakeFiles/cmTC_574fe.dir/link.txt --verbose=1
/usr/bin/cc       CMakeFiles/cmTC_574fe.dir/CheckSymbolExists.c.o  -o cmTC_574fe -rdynamic 
CMakeFiles/cmTC_574fe.dir/CheckSymbolExists.c.o：在函数‘main’中：
CheckSymbolExists.c:(.text+0x16)：对‘pthread_create’未定义的引用
collect2: error: ld returned 1 exit status
CMakeFiles/cmTC_574fe.dir/build.make:97: recipe for target 'cmTC_574fe' failed
make[1]: *** [cmTC_574fe] Error 1
make[1]: Leaving directory '/home/jay/my_ws/build_isolated/si_utils/CMakeFiles/CMakeTmp'
Makefile:126: recipe for target 'cmTC_574fe/fast' failed
make: *** [cmTC_574fe/fast] Error 2

File /home/jay/my_ws/build_isolated/si_utils/CMakeFiles/CMakeTmp/CheckSymbolExists.c:
/* */
#include <pthread.h>

int main(int argc, char** argv)
{
  (void)argv;
#ifndef pthread_create
  return ((int*)(&pthread_create))[argc];
#else
  (void)argc;
  return 0;
#endif
}

Determining if the function pthread_create exists in the pthreads failed with the following output:
Change Dir: /home/jay/my_ws/build_isolated/si_utils/CMakeFiles/CMakeTmp

Run Build Command:"/usr/bin/make" "cmTC_7f65d/fast"
/usr/bin/make -f CMakeFiles/cmTC_7f65d.dir/build.make CMakeFiles/cmTC_7f65d.dir/build
make[1]: Entering directory '/home/jay/my_ws/build_isolated/si_utils/CMakeFiles/CMakeTmp'
Building C object CMakeFiles/cmTC_7f65d.dir/CheckFunctionExists.c.o
/usr/bin/cc    -DCHECK_FUNCTION_EXISTS=pthread_create   -o CMakeFiles/cmTC_7f65d.dir/CheckFunctionExists.c.o   -c /usr/share/cmake-3.5/Modules/CheckFunctionExists.c
Linking C executable cmTC_7f65d
/usr/bin/cmake -E cmake_link_script CMakeFiles/cmTC_7f65d.dir/link.txt --verbose=1
/usr/bin/cc   -DCHECK_FUNCTION_EXISTS=pthread_create    CMakeFiles/cmTC_7f65d.dir/CheckFunctionExists.c.o  -o cmTC_7f65d -rdynamic -lpthreads 
/usr/bin/ld: 找不到 -lpthreads
collect2: error: ld returned 1 exit status
CMakeFiles/cmTC_7f65d.dir/build.make:97: recipe for target 'cmTC_7f65d' failed
make[1]: *** [cmTC_7f65d] Error 1
make[1]: Leaving directory '/home/jay/my_ws/build_isolated/si_utils/CMakeFiles/CMakeTmp'
Makefile:126: recipe for target 'cmTC_7f65d/fast' failed
make: *** [cmTC_7f65d/fast] Error 2


