Determining if the pthread_create exist failed with the following output:
Change Dir: /home/jay/my_ws/build_isolated/ur5_platform_description/CMakeFiles/CMakeTmp

Run Build Command:"/usr/bin/make" "cmTC_39ede/fast"
/usr/bin/make -f CMakeFiles/cmTC_39ede.dir/build.make CMakeFiles/cmTC_39ede.dir/build
make[1]: Entering directory '/home/jay/my_ws/build_isolated/ur5_platform_description/CMakeFiles/CMakeTmp'
Building C object CMakeFiles/cmTC_39ede.dir/CheckSymbolExists.c.o
/usr/bin/cc     -o CMakeFiles/cmTC_39ede.dir/CheckSymbolExists.c.o   -c /home/jay/my_ws/build_isolated/ur5_platform_description/CMakeFiles/CMakeTmp/CheckSymbolExists.c
Linking C executable cmTC_39ede
/usr/bin/cmake -E cmake_link_script CMakeFiles/cmTC_39ede.dir/link.txt --verbose=1
/usr/bin/cc       CMakeFiles/cmTC_39ede.dir/CheckSymbolExists.c.o  -o cmTC_39ede -rdynamic 
CMakeFiles/cmTC_39ede.dir/CheckSymbolExists.c.o：在函数‘main’中：
CheckSymbolExists.c:(.text+0x16)：对‘pthread_create’未定义的引用
collect2: error: ld returned 1 exit status
CMakeFiles/cmTC_39ede.dir/build.make:97: recipe for target 'cmTC_39ede' failed
make[1]: *** [cmTC_39ede] Error 1
make[1]: Leaving directory '/home/jay/my_ws/build_isolated/ur5_platform_description/CMakeFiles/CMakeTmp'
Makefile:126: recipe for target 'cmTC_39ede/fast' failed
make: *** [cmTC_39ede/fast] Error 2

File /home/jay/my_ws/build_isolated/ur5_platform_description/CMakeFiles/CMakeTmp/CheckSymbolExists.c:
/* */
#include <pthread.h>

int main(int argc, char** argv)
{
  (void)argv;
#ifndef pthread_create
  return ((int*)(&pthread_create))[argc];
#else
  (void)argc;
  return 0;
#endif
}

Determining if the function pthread_create exists in the pthreads failed with the following output:
Change Dir: /home/jay/my_ws/build_isolated/ur5_platform_description/CMakeFiles/CMakeTmp

Run Build Command:"/usr/bin/make" "cmTC_8b5b1/fast"
/usr/bin/make -f CMakeFiles/cmTC_8b5b1.dir/build.make CMakeFiles/cmTC_8b5b1.dir/build
make[1]: Entering directory '/home/jay/my_ws/build_isolated/ur5_platform_description/CMakeFiles/CMakeTmp'
Building C object CMakeFiles/cmTC_8b5b1.dir/CheckFunctionExists.c.o
/usr/bin/cc    -DCHECK_FUNCTION_EXISTS=pthread_create   -o CMakeFiles/cmTC_8b5b1.dir/CheckFunctionExists.c.o   -c /usr/share/cmake-3.5/Modules/CheckFunctionExists.c
Linking C executable cmTC_8b5b1
/usr/bin/cmake -E cmake_link_script CMakeFiles/cmTC_8b5b1.dir/link.txt --verbose=1
/usr/bin/cc   -DCHECK_FUNCTION_EXISTS=pthread_create    CMakeFiles/cmTC_8b5b1.dir/CheckFunctionExists.c.o  -o cmTC_8b5b1 -rdynamic -lpthreads 
/usr/bin/ld: 找不到 -lpthreads
collect2: error: ld returned 1 exit status
CMakeFiles/cmTC_8b5b1.dir/build.make:97: recipe for target 'cmTC_8b5b1' failed
make[1]: *** [cmTC_8b5b1] Error 1
make[1]: Leaving directory '/home/jay/my_ws/build_isolated/ur5_platform_description/CMakeFiles/CMakeTmp'
Makefile:126: recipe for target 'cmTC_8b5b1/fast' failed
make: *** [cmTC_8b5b1/fast] Error 2


