Determining if the pthread_create exist failed with the following output:
Change Dir: /home/jay/my_ws/build_isolated/ur_calibration/CMakeFiles/CMakeTmp

Run Build Command:"/usr/bin/make" "cmTC_0398e/fast"
/usr/bin/make -f CMakeFiles/cmTC_0398e.dir/build.make CMakeFiles/cmTC_0398e.dir/build
make[1]: Entering directory '/home/jay/my_ws/build_isolated/ur_calibration/CMakeFiles/CMakeTmp'
Building C object CMakeFiles/cmTC_0398e.dir/CheckSymbolExists.c.o
/usr/bin/cc     -o CMakeFiles/cmTC_0398e.dir/CheckSymbolExists.c.o   -c /home/jay/my_ws/build_isolated/ur_calibration/CMakeFiles/CMakeTmp/CheckSymbolExists.c
Linking C executable cmTC_0398e
/usr/bin/cmake -E cmake_link_script CMakeFiles/cmTC_0398e.dir/link.txt --verbose=1
/usr/bin/cc       CMakeFiles/cmTC_0398e.dir/CheckSymbolExists.c.o  -o cmTC_0398e -rdynamic 
CMakeFiles/cmTC_0398e.dir/CheckSymbolExists.c.o：在函数‘main’中：
CheckSymbolExists.c:(.text+0x16)：对‘pthread_create’未定义的引用
collect2: error: ld returned 1 exit status
CMakeFiles/cmTC_0398e.dir/build.make:97: recipe for target 'cmTC_0398e' failed
make[1]: *** [cmTC_0398e] Error 1
make[1]: Leaving directory '/home/jay/my_ws/build_isolated/ur_calibration/CMakeFiles/CMakeTmp'
Makefile:126: recipe for target 'cmTC_0398e/fast' failed
make: *** [cmTC_0398e/fast] Error 2

File /home/jay/my_ws/build_isolated/ur_calibration/CMakeFiles/CMakeTmp/CheckSymbolExists.c:
/* */
#include <pthread.h>

int main(int argc, char** argv)
{
  (void)argv;
#ifndef pthread_create
  return ((int*)(&pthread_create))[argc];
#else
  (void)argc;
  return 0;
#endif
}

Determining if the function pthread_create exists in the pthreads failed with the following output:
Change Dir: /home/jay/my_ws/build_isolated/ur_calibration/CMakeFiles/CMakeTmp

Run Build Command:"/usr/bin/make" "cmTC_232cf/fast"
/usr/bin/make -f CMakeFiles/cmTC_232cf.dir/build.make CMakeFiles/cmTC_232cf.dir/build
make[1]: Entering directory '/home/jay/my_ws/build_isolated/ur_calibration/CMakeFiles/CMakeTmp'
Building C object CMakeFiles/cmTC_232cf.dir/CheckFunctionExists.c.o
/usr/bin/cc    -DCHECK_FUNCTION_EXISTS=pthread_create   -o CMakeFiles/cmTC_232cf.dir/CheckFunctionExists.c.o   -c /usr/share/cmake-3.5/Modules/CheckFunctionExists.c
Linking C executable cmTC_232cf
/usr/bin/cmake -E cmake_link_script CMakeFiles/cmTC_232cf.dir/link.txt --verbose=1
/usr/bin/cc   -DCHECK_FUNCTION_EXISTS=pthread_create    CMakeFiles/cmTC_232cf.dir/CheckFunctionExists.c.o  -o cmTC_232cf -rdynamic -lpthreads 
/usr/bin/ld: 找不到 -lpthreads
collect2: error: ld returned 1 exit status
CMakeFiles/cmTC_232cf.dir/build.make:97: recipe for target 'cmTC_232cf' failed
make[1]: *** [cmTC_232cf] Error 1
make[1]: Leaving directory '/home/jay/my_ws/build_isolated/ur_calibration/CMakeFiles/CMakeTmp'
Makefile:126: recipe for target 'cmTC_232cf/fast' failed
make: *** [cmTC_232cf/fast] Error 2


