Determining if the pthread_create exist failed with the following output:
Change Dir: /home/jay/my_ws/build_isolated/ur_bringup/CMakeFiles/CMakeTmp

Run Build Command:"/usr/bin/make" "cmTC_f246e/fast"
/usr/bin/make -f CMakeFiles/cmTC_f246e.dir/build.make CMakeFiles/cmTC_f246e.dir/build
make[1]: Entering directory '/home/jay/my_ws/build_isolated/ur_bringup/CMakeFiles/CMakeTmp'
Building C object CMakeFiles/cmTC_f246e.dir/CheckSymbolExists.c.o
/usr/bin/cc     -o CMakeFiles/cmTC_f246e.dir/CheckSymbolExists.c.o   -c /home/jay/my_ws/build_isolated/ur_bringup/CMakeFiles/CMakeTmp/CheckSymbolExists.c
Linking C executable cmTC_f246e
/usr/bin/cmake -E cmake_link_script CMakeFiles/cmTC_f246e.dir/link.txt --verbose=1
/usr/bin/cc       CMakeFiles/cmTC_f246e.dir/CheckSymbolExists.c.o  -o cmTC_f246e -rdynamic 
CMakeFiles/cmTC_f246e.dir/CheckSymbolExists.c.o：在函数‘main’中：
CheckSymbolExists.c:(.text+0x16)：对‘pthread_create’未定义的引用
collect2: error: ld returned 1 exit status
CMakeFiles/cmTC_f246e.dir/build.make:97: recipe for target 'cmTC_f246e' failed
make[1]: *** [cmTC_f246e] Error 1
make[1]: Leaving directory '/home/jay/my_ws/build_isolated/ur_bringup/CMakeFiles/CMakeTmp'
Makefile:126: recipe for target 'cmTC_f246e/fast' failed
make: *** [cmTC_f246e/fast] Error 2

File /home/jay/my_ws/build_isolated/ur_bringup/CMakeFiles/CMakeTmp/CheckSymbolExists.c:
/* */
#include <pthread.h>

int main(int argc, char** argv)
{
  (void)argv;
#ifndef pthread_create
  return ((int*)(&pthread_create))[argc];
#else
  (void)argc;
  return 0;
#endif
}

Determining if the function pthread_create exists in the pthreads failed with the following output:
Change Dir: /home/jay/my_ws/build_isolated/ur_bringup/CMakeFiles/CMakeTmp

Run Build Command:"/usr/bin/make" "cmTC_2ff1d/fast"
/usr/bin/make -f CMakeFiles/cmTC_2ff1d.dir/build.make CMakeFiles/cmTC_2ff1d.dir/build
make[1]: Entering directory '/home/jay/my_ws/build_isolated/ur_bringup/CMakeFiles/CMakeTmp'
Building C object CMakeFiles/cmTC_2ff1d.dir/CheckFunctionExists.c.o
/usr/bin/cc    -DCHECK_FUNCTION_EXISTS=pthread_create   -o CMakeFiles/cmTC_2ff1d.dir/CheckFunctionExists.c.o   -c /usr/share/cmake-3.5/Modules/CheckFunctionExists.c
Linking C executable cmTC_2ff1d
/usr/bin/cmake -E cmake_link_script CMakeFiles/cmTC_2ff1d.dir/link.txt --verbose=1
/usr/bin/cc   -DCHECK_FUNCTION_EXISTS=pthread_create    CMakeFiles/cmTC_2ff1d.dir/CheckFunctionExists.c.o  -o cmTC_2ff1d -rdynamic -lpthreads 
/usr/bin/ld: 找不到 -lpthreads
collect2: error: ld returned 1 exit status
CMakeFiles/cmTC_2ff1d.dir/build.make:97: recipe for target 'cmTC_2ff1d' failed
make[1]: *** [cmTC_2ff1d] Error 1
make[1]: Leaving directory '/home/jay/my_ws/build_isolated/ur_bringup/CMakeFiles/CMakeTmp'
Makefile:126: recipe for target 'cmTC_2ff1d/fast' failed
make: *** [cmTC_2ff1d/fast] Error 2


