Determining if the pthread_create exist failed with the following output:
Change Dir: /home/jay/my_ws/build_isolated/universal_robots/CMakeFiles/CMakeTmp

Run Build Command:"/usr/bin/make" "cmTC_e022a/fast"
/usr/bin/make -f CMakeFiles/cmTC_e022a.dir/build.make CMakeFiles/cmTC_e022a.dir/build
make[1]: Entering directory '/home/jay/my_ws/build_isolated/universal_robots/CMakeFiles/CMakeTmp'
Building C object CMakeFiles/cmTC_e022a.dir/CheckSymbolExists.c.o
/usr/bin/cc     -o CMakeFiles/cmTC_e022a.dir/CheckSymbolExists.c.o   -c /home/jay/my_ws/build_isolated/universal_robots/CMakeFiles/CMakeTmp/CheckSymbolExists.c
Linking C executable cmTC_e022a
/usr/bin/cmake -E cmake_link_script CMakeFiles/cmTC_e022a.dir/link.txt --verbose=1
/usr/bin/cc       CMakeFiles/cmTC_e022a.dir/CheckSymbolExists.c.o  -o cmTC_e022a -rdynamic 
CMakeFiles/cmTC_e022a.dir/CheckSymbolExists.c.o：在函数‘main’中：
CheckSymbolExists.c:(.text+0x16)：对‘pthread_create’未定义的引用
collect2: error: ld returned 1 exit status
CMakeFiles/cmTC_e022a.dir/build.make:97: recipe for target 'cmTC_e022a' failed
make[1]: *** [cmTC_e022a] Error 1
make[1]: Leaving directory '/home/jay/my_ws/build_isolated/universal_robots/CMakeFiles/CMakeTmp'
Makefile:126: recipe for target 'cmTC_e022a/fast' failed
make: *** [cmTC_e022a/fast] Error 2

File /home/jay/my_ws/build_isolated/universal_robots/CMakeFiles/CMakeTmp/CheckSymbolExists.c:
/* */
#include <pthread.h>

int main(int argc, char** argv)
{
  (void)argv;
#ifndef pthread_create
  return ((int*)(&pthread_create))[argc];
#else
  (void)argc;
  return 0;
#endif
}

Determining if the function pthread_create exists in the pthreads failed with the following output:
Change Dir: /home/jay/my_ws/build_isolated/universal_robots/CMakeFiles/CMakeTmp

Run Build Command:"/usr/bin/make" "cmTC_c4319/fast"
/usr/bin/make -f CMakeFiles/cmTC_c4319.dir/build.make CMakeFiles/cmTC_c4319.dir/build
make[1]: Entering directory '/home/jay/my_ws/build_isolated/universal_robots/CMakeFiles/CMakeTmp'
Building C object CMakeFiles/cmTC_c4319.dir/CheckFunctionExists.c.o
/usr/bin/cc    -DCHECK_FUNCTION_EXISTS=pthread_create   -o CMakeFiles/cmTC_c4319.dir/CheckFunctionExists.c.o   -c /usr/share/cmake-3.5/Modules/CheckFunctionExists.c
Linking C executable cmTC_c4319
/usr/bin/cmake -E cmake_link_script CMakeFiles/cmTC_c4319.dir/link.txt --verbose=1
/usr/bin/cc   -DCHECK_FUNCTION_EXISTS=pthread_create    CMakeFiles/cmTC_c4319.dir/CheckFunctionExists.c.o  -o cmTC_c4319 -rdynamic -lpthreads 
/usr/bin/ld: 找不到 -lpthreads
collect2: error: ld returned 1 exit status
CMakeFiles/cmTC_c4319.dir/build.make:97: recipe for target 'cmTC_c4319' failed
make[1]: *** [cmTC_c4319] Error 1
make[1]: Leaving directory '/home/jay/my_ws/build_isolated/universal_robots/CMakeFiles/CMakeTmp'
Makefile:126: recipe for target 'cmTC_c4319/fast' failed
make: *** [cmTC_c4319/fast] Error 2


