Determining if the pthread_create exist failed with the following output:
Change Dir: /home/jay/my_ws/build/CMakeFiles/CMakeTmp

Run Build Command:"/usr/bin/make" "cmTC_f3b6c/fast"
/usr/bin/make -f CMakeFiles/cmTC_f3b6c.dir/build.make CMakeFiles/cmTC_f3b6c.dir/build
make[1]: Entering directory '/home/jay/my_ws/build/CMakeFiles/CMakeTmp'
Building C object CMakeFiles/cmTC_f3b6c.dir/CheckSymbolExists.c.o
/usr/bin/cc     -o CMakeFiles/cmTC_f3b6c.dir/CheckSymbolExists.c.o   -c /home/jay/my_ws/build/CMakeFiles/CMakeTmp/CheckSymbolExists.c
Linking C executable cmTC_f3b6c
/usr/bin/cmake -E cmake_link_script CMakeFiles/cmTC_f3b6c.dir/link.txt --verbose=1
/usr/bin/cc       CMakeFiles/cmTC_f3b6c.dir/CheckSymbolExists.c.o  -o cmTC_f3b6c -rdynamic 
CMakeFiles/cmTC_f3b6c.dir/CheckSymbolExists.c.o：在函数‘main’中：
CheckSymbolExists.c:(.text+0x16)：对‘pthread_create’未定义的引用
collect2: error: ld returned 1 exit status
CMakeFiles/cmTC_f3b6c.dir/build.make:97: recipe for target 'cmTC_f3b6c' failed
make[1]: *** [cmTC_f3b6c] Error 1
make[1]: Leaving directory '/home/jay/my_ws/build/CMakeFiles/CMakeTmp'
Makefile:126: recipe for target 'cmTC_f3b6c/fast' failed
make: *** [cmTC_f3b6c/fast] Error 2

File /home/jay/my_ws/build/CMakeFiles/CMakeTmp/CheckSymbolExists.c:
/* */
#include <pthread.h>

int main(int argc, char** argv)
{
  (void)argv;
#ifndef pthread_create
  return ((int*)(&pthread_create))[argc];
#else
  (void)argc;
  return 0;
#endif
}

Determining if the function pthread_create exists in the pthreads failed with the following output:
Change Dir: /home/jay/my_ws/build/CMakeFiles/CMakeTmp

Run Build Command:"/usr/bin/make" "cmTC_46948/fast"
/usr/bin/make -f CMakeFiles/cmTC_46948.dir/build.make CMakeFiles/cmTC_46948.dir/build
make[1]: Entering directory '/home/jay/my_ws/build/CMakeFiles/CMakeTmp'
Building C object CMakeFiles/cmTC_46948.dir/CheckFunctionExists.c.o
/usr/bin/cc    -DCHECK_FUNCTION_EXISTS=pthread_create   -o CMakeFiles/cmTC_46948.dir/CheckFunctionExists.c.o   -c /usr/share/cmake-3.5/Modules/CheckFunctionExists.c
Linking C executable cmTC_46948
/usr/bin/cmake -E cmake_link_script CMakeFiles/cmTC_46948.dir/link.txt --verbose=1
/usr/bin/cc   -DCHECK_FUNCTION_EXISTS=pthread_create    CMakeFiles/cmTC_46948.dir/CheckFunctionExists.c.o  -o cmTC_46948 -rdynamic -lpthreads 
/usr/bin/ld: 找不到 -lpthreads
collect2: error: ld returned 1 exit status
CMakeFiles/cmTC_46948.dir/build.make:97: recipe for target 'cmTC_46948' failed
make[1]: *** [cmTC_46948] Error 1
make[1]: Leaving directory '/home/jay/my_ws/build/CMakeFiles/CMakeTmp'
Makefile:126: recipe for target 'cmTC_46948/fast' failed
make: *** [cmTC_46948/fast] Error 2


