Determining if the pthread_create exist failed with the following output:
Change Dir: /home/jay/my_ws/build_isolated/robotiq_85_driver/CMakeFiles/CMakeTmp

Run Build Command:"/usr/bin/make" "cmTC_f1beb/fast"
/usr/bin/make -f CMakeFiles/cmTC_f1beb.dir/build.make CMakeFiles/cmTC_f1beb.dir/build
make[1]: Entering directory '/home/jay/my_ws/build_isolated/robotiq_85_driver/CMakeFiles/CMakeTmp'
Building C object CMakeFiles/cmTC_f1beb.dir/CheckSymbolExists.c.o
/usr/bin/cc     -o CMakeFiles/cmTC_f1beb.dir/CheckSymbolExists.c.o   -c /home/jay/my_ws/build_isolated/robotiq_85_driver/CMakeFiles/CMakeTmp/CheckSymbolExists.c
Linking C executable cmTC_f1beb
/usr/bin/cmake -E cmake_link_script CMakeFiles/cmTC_f1beb.dir/link.txt --verbose=1
/usr/bin/cc       CMakeFiles/cmTC_f1beb.dir/CheckSymbolExists.c.o  -o cmTC_f1beb -rdynamic 
CMakeFiles/cmTC_f1beb.dir/CheckSymbolExists.c.o：在函数‘main’中：
CheckSymbolExists.c:(.text+0x16)：对‘pthread_create’未定义的引用
collect2: error: ld returned 1 exit status
CMakeFiles/cmTC_f1beb.dir/build.make:97: recipe for target 'cmTC_f1beb' failed
make[1]: *** [cmTC_f1beb] Error 1
make[1]: Leaving directory '/home/jay/my_ws/build_isolated/robotiq_85_driver/CMakeFiles/CMakeTmp'
Makefile:126: recipe for target 'cmTC_f1beb/fast' failed
make: *** [cmTC_f1beb/fast] Error 2

File /home/jay/my_ws/build_isolated/robotiq_85_driver/CMakeFiles/CMakeTmp/CheckSymbolExists.c:
/* */
#include <pthread.h>

int main(int argc, char** argv)
{
  (void)argv;
#ifndef pthread_create
  return ((int*)(&pthread_create))[argc];
#else
  (void)argc;
  return 0;
#endif
}

Determining if the function pthread_create exists in the pthreads failed with the following output:
Change Dir: /home/jay/my_ws/build_isolated/robotiq_85_driver/CMakeFiles/CMakeTmp

Run Build Command:"/usr/bin/make" "cmTC_03bfa/fast"
/usr/bin/make -f CMakeFiles/cmTC_03bfa.dir/build.make CMakeFiles/cmTC_03bfa.dir/build
make[1]: Entering directory '/home/jay/my_ws/build_isolated/robotiq_85_driver/CMakeFiles/CMakeTmp'
Building C object CMakeFiles/cmTC_03bfa.dir/CheckFunctionExists.c.o
/usr/bin/cc    -DCHECK_FUNCTION_EXISTS=pthread_create   -o CMakeFiles/cmTC_03bfa.dir/CheckFunctionExists.c.o   -c /usr/share/cmake-3.5/Modules/CheckFunctionExists.c
Linking C executable cmTC_03bfa
/usr/bin/cmake -E cmake_link_script CMakeFiles/cmTC_03bfa.dir/link.txt --verbose=1
/usr/bin/cc   -DCHECK_FUNCTION_EXISTS=pthread_create    CMakeFiles/cmTC_03bfa.dir/CheckFunctionExists.c.o  -o cmTC_03bfa -rdynamic -lpthreads 
/usr/bin/ld: 找不到 -lpthreads
collect2: error: ld returned 1 exit status
CMakeFiles/cmTC_03bfa.dir/build.make:97: recipe for target 'cmTC_03bfa' failed
make[1]: *** [cmTC_03bfa] Error 1
make[1]: Leaving directory '/home/jay/my_ws/build_isolated/robotiq_85_driver/CMakeFiles/CMakeTmp'
Makefile:126: recipe for target 'cmTC_03bfa/fast' failed
make: *** [cmTC_03bfa/fast] Error 2


