Determining if the pthread_create exist failed with the following output:
Change Dir: /home/jay/my_ws/build_isolated/ur_client_library/devel/CMakeFiles/CMakeTmp

Run Build Command:"/usr/bin/make" "cmTC_27bcf/fast"
/usr/bin/make -f CMakeFiles/cmTC_27bcf.dir/build.make CMakeFiles/cmTC_27bcf.dir/build
make[1]: Entering directory '/home/jay/my_ws/build_isolated/ur_client_library/devel/CMakeFiles/CMakeTmp'
Building C object CMakeFiles/cmTC_27bcf.dir/CheckSymbolExists.c.o
/usr/bin/cc     -o CMakeFiles/cmTC_27bcf.dir/CheckSymbolExists.c.o   -c /home/jay/my_ws/build_isolated/ur_client_library/devel/CMakeFiles/CMakeTmp/CheckSymbolExists.c
Linking C executable cmTC_27bcf
/usr/bin/cmake -E cmake_link_script CMakeFiles/cmTC_27bcf.dir/link.txt --verbose=1
/usr/bin/cc       CMakeFiles/cmTC_27bcf.dir/CheckSymbolExists.c.o  -o cmTC_27bcf -rdynamic 
CMakeFiles/cmTC_27bcf.dir/CheckSymbolExists.c.o：在函数‘main’中：
CheckSymbolExists.c:(.text+0x16)：对‘pthread_create’未定义的引用
collect2: error: ld returned 1 exit status
CMakeFiles/cmTC_27bcf.dir/build.make:97: recipe for target 'cmTC_27bcf' failed
make[1]: *** [cmTC_27bcf] Error 1
make[1]: Leaving directory '/home/jay/my_ws/build_isolated/ur_client_library/devel/CMakeFiles/CMakeTmp'
Makefile:126: recipe for target 'cmTC_27bcf/fast' failed
make: *** [cmTC_27bcf/fast] Error 2

File /home/jay/my_ws/build_isolated/ur_client_library/devel/CMakeFiles/CMakeTmp/CheckSymbolExists.c:
/* */
#include <pthread.h>

int main(int argc, char** argv)
{
  (void)argv;
#ifndef pthread_create
  return ((int*)(&pthread_create))[argc];
#else
  (void)argc;
  return 0;
#endif
}

Determining if the function pthread_create exists in the pthreads failed with the following output:
Change Dir: /home/jay/my_ws/build_isolated/ur_client_library/devel/CMakeFiles/CMakeTmp

Run Build Command:"/usr/bin/make" "cmTC_0149f/fast"
/usr/bin/make -f CMakeFiles/cmTC_0149f.dir/build.make CMakeFiles/cmTC_0149f.dir/build
make[1]: Entering directory '/home/jay/my_ws/build_isolated/ur_client_library/devel/CMakeFiles/CMakeTmp'
Building C object CMakeFiles/cmTC_0149f.dir/CheckFunctionExists.c.o
/usr/bin/cc    -DCHECK_FUNCTION_EXISTS=pthread_create   -o CMakeFiles/cmTC_0149f.dir/CheckFunctionExists.c.o   -c /usr/share/cmake-3.5/Modules/CheckFunctionExists.c
Linking C executable cmTC_0149f
/usr/bin/cmake -E cmake_link_script CMakeFiles/cmTC_0149f.dir/link.txt --verbose=1
/usr/bin/cc   -DCHECK_FUNCTION_EXISTS=pthread_create    CMakeFiles/cmTC_0149f.dir/CheckFunctionExists.c.o  -o cmTC_0149f -rdynamic -lpthreads 
/usr/bin/ld: 找不到 -lpthreads
collect2: error: ld returned 1 exit status
CMakeFiles/cmTC_0149f.dir/build.make:97: recipe for target 'cmTC_0149f' failed
make[1]: *** [cmTC_0149f] Error 1
make[1]: Leaving directory '/home/jay/my_ws/build_isolated/ur_client_library/devel/CMakeFiles/CMakeTmp'
Makefile:126: recipe for target 'cmTC_0149f/fast' failed
make: *** [cmTC_0149f/fast] Error 2


